Terminals unused in grammar

   IN
   LET
   ERROR


Grammar

    0 $accept: program $end

    1 program: class_list

    2 class_list: class
    3           | class_list class

    4 class: CLASS TYPEID '{' feature_list '}' ';'
    5      | CLASS TYPEID INHERITS TYPEID '{' feature_list '}' ';'

    6 feature_list: %empty
    7             | non_empty_feature_list

    8 non_empty_feature_list: feature ';'
    9                       | non_empty_feature_list feature ';'

   10 feature: OBJECTID '(' formal_list ')' ':' TYPEID '{' expression '}'
   11        | OBJECTID ':' TYPEID
   12        | OBJECTID ':' TYPEID DARROW expression

   13 formal_list: %empty
   14            | non_empty_formal_list

   15 non_empty_formal_list: formal
   16                      | non_empty_formal_list ',' formal

   17 formal: OBJECTID ':' TYPEID

   18 param_list: %empty
   19           | non_empty_param_list

   20 non_empty_param_list: expression
   21                     | non_empty_param_list ',' expression

   22 non_empty_stmt_list: expression ';'
   23                    | non_empty_stmt_list expression ';'

   24 case_branch: OBJECTID ':' TYPEID DARROW expression ';'
   25            | OBJECTID ':' TYPEID ';'

   26 non_empty_case_list: case_branch
   27                    | non_empty_case_list case_branch

   28 expression: OBJECTID ASSIGN expression
   29           | expression '.' OBJECTID '(' param_list ')'
   30           | expression '@' TYPEID '.' OBJECTID '(' param_list ')'
   31           | OBJECTID '(' param_list ')'
   32           | IF expression THEN expression ELSE expression FI
   33           | WHILE expression LOOP expression POOL
   34           | CASE expression OF non_empty_case_list ESAC
   35           | '{' non_empty_stmt_list '}'
   36           | NEW TYPEID
   37           | ISVOID expression
   38           | NOT expression
   39           | expression '+' expression
   40           | expression '-' expression
   41           | expression '*' expression
   42           | expression '/' expression
   43           | expression '<' expression
   44           | expression LE expression
   45           | expression '=' expression
   46           | '~' expression
   47           | '(' expression ')'
   48           | OBJECTID
   49           | INT_CONST
   50           | STR_CONST
   51           | BOOL_CONST


Terminals, with rules where they appear

$end (0) 0
'(' (40) 10 29 30 31 47
')' (41) 10 29 30 31 47
'*' (42) 41
'+' (43) 39
',' (44) 16 21
'-' (45) 40
'.' (46) 29 30
'/' (47) 42
':' (58) 10 11 12 17 24 25
';' (59) 4 5 8 9 22 23 24 25
'<' (60) 43
'=' (61) 45
'@' (64) 30
'{' (123) 4 5 10 35
'}' (125) 4 5 10 35
'~' (126) 46
error (256)
CLASS (258) 4 5
ELSE (259) 32
FI (260) 32
IF (261) 32
IN (262)
INHERITS (263) 5
LET (264)
LOOP (265) 33
POOL (266) 33
THEN (267) 32
WHILE (268) 33
CASE (269) 34
ESAC (270) 34
OF (271) 34
DARROW (272) 12 24
NEW (273) 36
ISVOID (274) 37
STR_CONST (275) 50
INT_CONST (276) 49
BOOL_CONST (277) 51
TYPEID (278) 4 5 10 11 12 17 24 25 30 36
OBJECTID (279) 10 11 12 17 24 25 28 29 30 31 48
ASSIGN (280) 28
NOT (281) 38
LE (282) 44
ERROR (283)


Nonterminals, with rules where they appear

$accept (45)
    on left: 0
program (46)
    on left: 1, on right: 0
class_list (47)
    on left: 2 3, on right: 1 3
class (48)
    on left: 4 5, on right: 2 3
feature_list (49)
    on left: 6 7, on right: 4 5
non_empty_feature_list (50)
    on left: 8 9, on right: 7 9
feature (51)
    on left: 10 11 12, on right: 8 9
formal_list (52)
    on left: 13 14, on right: 10
non_empty_formal_list (53)
    on left: 15 16, on right: 14 16
formal (54)
    on left: 17, on right: 15 16
param_list (55)
    on left: 18 19, on right: 29 30 31
non_empty_param_list (56)
    on left: 20 21, on right: 19 21
non_empty_stmt_list (57)
    on left: 22 23, on right: 23 35
case_branch (58)
    on left: 24 25, on right: 26 27
non_empty_case_list (59)
    on left: 26 27, on right: 27 34
expression (60)
    on left: 28 29 30 31 32 33 34 35 36 37 38 39 40 41 42 43 44 45
    46 47 48 49 50 51, on right: 10 12 20 21 22 23 24 28 29 30 32 33
    34 37 38 39 40 41 42 43 44 45 46 47


State 0

    0 $accept: . program $end

    CLASS  shift, and go to state 1

    program     go to state 2
    class_list  go to state 3
    class       go to state 4


State 1

    4 class: CLASS . TYPEID '{' feature_list '}' ';'
    5      | CLASS . TYPEID INHERITS TYPEID '{' feature_list '}' ';'

    TYPEID  shift, and go to state 5


State 2

    0 $accept: program . $end

    $end  shift, and go to state 6


State 3

    1 program: class_list .
    3 class_list: class_list . class

    CLASS  shift, and go to state 1

    $default  reduce using rule 1 (program)

    class  go to state 7


State 4

    2 class_list: class .

    $default  reduce using rule 2 (class_list)


State 5

    4 class: CLASS TYPEID . '{' feature_list '}' ';'
    5      | CLASS TYPEID . INHERITS TYPEID '{' feature_list '}' ';'

    INHERITS  shift, and go to state 8
    '{'       shift, and go to state 9


State 6

    0 $accept: program $end .

    $default  accept


State 7

    3 class_list: class_list class .

    $default  reduce using rule 3 (class_list)


State 8

    5 class: CLASS TYPEID INHERITS . TYPEID '{' feature_list '}' ';'

    TYPEID  shift, and go to state 10


State 9

    4 class: CLASS TYPEID '{' . feature_list '}' ';'

    OBJECTID  shift, and go to state 11

    $default  reduce using rule 6 (feature_list)

    feature_list            go to state 12
    non_empty_feature_list  go to state 13
    feature                 go to state 14


State 10

    5 class: CLASS TYPEID INHERITS TYPEID . '{' feature_list '}' ';'

    '{'  shift, and go to state 15


State 11

   10 feature: OBJECTID . '(' formal_list ')' ':' TYPEID '{' expression '}'
   11        | OBJECTID . ':' TYPEID
   12        | OBJECTID . ':' TYPEID DARROW expression

    '('  shift, and go to state 16
    ':'  shift, and go to state 17


State 12

    4 class: CLASS TYPEID '{' feature_list . '}' ';'

    '}'  shift, and go to state 18


State 13

    7 feature_list: non_empty_feature_list .
    9 non_empty_feature_list: non_empty_feature_list . feature ';'

    OBJECTID  shift, and go to state 11

    $default  reduce using rule 7 (feature_list)

    feature  go to state 19


State 14

    8 non_empty_feature_list: feature . ';'

    ';'  shift, and go to state 20


State 15

    5 class: CLASS TYPEID INHERITS TYPEID '{' . feature_list '}' ';'

    OBJECTID  shift, and go to state 11

    $default  reduce using rule 6 (feature_list)

    feature_list            go to state 21
    non_empty_feature_list  go to state 13
    feature                 go to state 14


State 16

   10 feature: OBJECTID '(' . formal_list ')' ':' TYPEID '{' expression '}'

    OBJECTID  shift, and go to state 22

    $default  reduce using rule 13 (formal_list)

    formal_list            go to state 23
    non_empty_formal_list  go to state 24
    formal                 go to state 25


State 17

   11 feature: OBJECTID ':' . TYPEID
   12        | OBJECTID ':' . TYPEID DARROW expression

    TYPEID  shift, and go to state 26


State 18

    4 class: CLASS TYPEID '{' feature_list '}' . ';'

    ';'  shift, and go to state 27


State 19

    9 non_empty_feature_list: non_empty_feature_list feature . ';'

    ';'  shift, and go to state 28


State 20

    8 non_empty_feature_list: feature ';' .

    $default  reduce using rule 8 (non_empty_feature_list)


State 21

    5 class: CLASS TYPEID INHERITS TYPEID '{' feature_list . '}' ';'

    '}'  shift, and go to state 29


State 22

   17 formal: OBJECTID . ':' TYPEID

    ':'  shift, and go to state 30


State 23

   10 feature: OBJECTID '(' formal_list . ')' ':' TYPEID '{' expression '}'

    ')'  shift, and go to state 31


State 24

   14 formal_list: non_empty_formal_list .
   16 non_empty_formal_list: non_empty_formal_list . ',' formal

    ','  shift, and go to state 32

    $default  reduce using rule 14 (formal_list)


State 25

   15 non_empty_formal_list: formal .

    $default  reduce using rule 15 (non_empty_formal_list)


State 26

   11 feature: OBJECTID ':' TYPEID .
   12        | OBJECTID ':' TYPEID . DARROW expression

    DARROW  shift, and go to state 33

    $default  reduce using rule 11 (feature)


State 27

    4 class: CLASS TYPEID '{' feature_list '}' ';' .

    $default  reduce using rule 4 (class)


State 28

    9 non_empty_feature_list: non_empty_feature_list feature ';' .

    $default  reduce using rule 9 (non_empty_feature_list)


State 29

    5 class: CLASS TYPEID INHERITS TYPEID '{' feature_list '}' . ';'

    ';'  shift, and go to state 34


State 30

   17 formal: OBJECTID ':' . TYPEID

    TYPEID  shift, and go to state 35


State 31

   10 feature: OBJECTID '(' formal_list ')' . ':' TYPEID '{' expression '}'

    ':'  shift, and go to state 36


State 32

   16 non_empty_formal_list: non_empty_formal_list ',' . formal

    OBJECTID  shift, and go to state 22

    formal  go to state 37


State 33

   12 feature: OBJECTID ':' TYPEID DARROW . expression

    IF          shift, and go to state 38
    WHILE       shift, and go to state 39
    CASE        shift, and go to state 40
    NEW         shift, and go to state 41
    ISVOID      shift, and go to state 42
    STR_CONST   shift, and go to state 43
    INT_CONST   shift, and go to state 44
    BOOL_CONST  shift, and go to state 45
    OBJECTID    shift, and go to state 46
    NOT         shift, and go to state 47
    '~'         shift, and go to state 48
    '{'         shift, and go to state 49
    '('         shift, and go to state 50

    expression  go to state 51


State 34

    5 class: CLASS TYPEID INHERITS TYPEID '{' feature_list '}' ';' .

    $default  reduce using rule 5 (class)


State 35

   17 formal: OBJECTID ':' TYPEID .

    $default  reduce using rule 17 (formal)


State 36

   10 feature: OBJECTID '(' formal_list ')' ':' . TYPEID '{' expression '}'

    TYPEID  shift, and go to state 52


State 37

   16 non_empty_formal_list: non_empty_formal_list ',' formal .

    $default  reduce using rule 16 (non_empty_formal_list)


State 38

   32 expression: IF . expression THEN expression ELSE expression FI

    IF          shift, and go to state 38
    WHILE       shift, and go to state 39
    CASE        shift, and go to state 40
    NEW         shift, and go to state 41
    ISVOID      shift, and go to state 42
    STR_CONST   shift, and go to state 43
    INT_CONST   shift, and go to state 44
    BOOL_CONST  shift, and go to state 45
    OBJECTID    shift, and go to state 46
    NOT         shift, and go to state 47
    '~'         shift, and go to state 48
    '{'         shift, and go to state 49
    '('         shift, and go to state 50

    expression  go to state 53


State 39

   33 expression: WHILE . expression LOOP expression POOL

    IF          shift, and go to state 38
    WHILE       shift, and go to state 39
    CASE        shift, and go to state 40
    NEW         shift, and go to state 41
    ISVOID      shift, and go to state 42
    STR_CONST   shift, and go to state 43
    INT_CONST   shift, and go to state 44
    BOOL_CONST  shift, and go to state 45
    OBJECTID    shift, and go to state 46
    NOT         shift, and go to state 47
    '~'         shift, and go to state 48
    '{'         shift, and go to state 49
    '('         shift, and go to state 50

    expression  go to state 54


State 40

   34 expression: CASE . expression OF non_empty_case_list ESAC

    IF          shift, and go to state 38
    WHILE       shift, and go to state 39
    CASE        shift, and go to state 40
    NEW         shift, and go to state 41
    ISVOID      shift, and go to state 42
    STR_CONST   shift, and go to state 43
    INT_CONST   shift, and go to state 44
    BOOL_CONST  shift, and go to state 45
    OBJECTID    shift, and go to state 46
    NOT         shift, and go to state 47
    '~'         shift, and go to state 48
    '{'         shift, and go to state 49
    '('         shift, and go to state 50

    expression  go to state 55


State 41

   36 expression: NEW . TYPEID

    TYPEID  shift, and go to state 56


State 42

   37 expression: ISVOID . expression

    IF          shift, and go to state 38
    WHILE       shift, and go to state 39
    CASE        shift, and go to state 40
    NEW         shift, and go to state 41
    ISVOID      shift, and go to state 42
    STR_CONST   shift, and go to state 43
    INT_CONST   shift, and go to state 44
    BOOL_CONST  shift, and go to state 45
    OBJECTID    shift, and go to state 46
    NOT         shift, and go to state 47
    '~'         shift, and go to state 48
    '{'         shift, and go to state 49
    '('         shift, and go to state 50

    expression  go to state 57


State 43

   50 expression: STR_CONST .

    $default  reduce using rule 50 (expression)


State 44

   49 expression: INT_CONST .

    $default  reduce using rule 49 (expression)


State 45

   51 expression: BOOL_CONST .

    $default  reduce using rule 51 (expression)


State 46

   28 expression: OBJECTID . ASSIGN expression
   31           | OBJECTID . '(' param_list ')'
   48           | OBJECTID .

    ASSIGN  shift, and go to state 58
    '('     shift, and go to state 59

    $default  reduce using rule 48 (expression)


State 47

   38 expression: NOT . expression

    IF          shift, and go to state 38
    WHILE       shift, and go to state 39
    CASE        shift, and go to state 40
    NEW         shift, and go to state 41
    ISVOID      shift, and go to state 42
    STR_CONST   shift, and go to state 43
    INT_CONST   shift, and go to state 44
    BOOL_CONST  shift, and go to state 45
    OBJECTID    shift, and go to state 46
    NOT         shift, and go to state 47
    '~'         shift, and go to state 48
    '{'         shift, and go to state 49
    '('         shift, and go to state 50

    expression  go to state 60


State 48

   46 expression: '~' . expression

    IF          shift, and go to state 38
    WHILE       shift, and go to state 39
    CASE        shift, and go to state 40
    NEW         shift, and go to state 41
    ISVOID      shift, and go to state 42
    STR_CONST   shift, and go to state 43
    INT_CONST   shift, and go to state 44
    BOOL_CONST  shift, and go to state 45
    OBJECTID    shift, and go to state 46
    NOT         shift, and go to state 47
    '~'         shift, and go to state 48
    '{'         shift, and go to state 49
    '('         shift, and go to state 50

    expression  go to state 61


State 49

   35 expression: '{' . non_empty_stmt_list '}'

    IF          shift, and go to state 38
    WHILE       shift, and go to state 39
    CASE        shift, and go to state 40
    NEW         shift, and go to state 41
    ISVOID      shift, and go to state 42
    STR_CONST   shift, and go to state 43
    INT_CONST   shift, and go to state 44
    BOOL_CONST  shift, and go to state 45
    OBJECTID    shift, and go to state 46
    NOT         shift, and go to state 47
    '~'         shift, and go to state 48
    '{'         shift, and go to state 49
    '('         shift, and go to state 50

    non_empty_stmt_list  go to state 62
    expression           go to state 63


State 50

   47 expression: '(' . expression ')'

    IF          shift, and go to state 38
    WHILE       shift, and go to state 39
    CASE        shift, and go to state 40
    NEW         shift, and go to state 41
    ISVOID      shift, and go to state 42
    STR_CONST   shift, and go to state 43
    INT_CONST   shift, and go to state 44
    BOOL_CONST  shift, and go to state 45
    OBJECTID    shift, and go to state 46
    NOT         shift, and go to state 47
    '~'         shift, and go to state 48
    '{'         shift, and go to state 49
    '('         shift, and go to state 50

    expression  go to state 64


State 51

   12 feature: OBJECTID ':' TYPEID DARROW expression .
   29 expression: expression . '.' OBJECTID '(' param_list ')'
   30           | expression . '@' TYPEID '.' OBJECTID '(' param_list ')'
   39           | expression . '+' expression
   40           | expression . '-' expression
   41           | expression . '*' expression
   42           | expression . '/' expression
   43           | expression . '<' expression
   44           | expression . LE expression
   45           | expression . '=' expression

    LE   shift, and go to state 65
    '<'  shift, and go to state 66
    '='  shift, and go to state 67
    '+'  shift, and go to state 68
    '-'  shift, and go to state 69
    '*'  shift, and go to state 70
    '/'  shift, and go to state 71
    '@'  shift, and go to state 72
    '.'  shift, and go to state 73

    $default  reduce using rule 12 (feature)


State 52

   10 feature: OBJECTID '(' formal_list ')' ':' TYPEID . '{' expression '}'

    '{'  shift, and go to state 74


State 53

   29 expression: expression . '.' OBJECTID '(' param_list ')'
   30           | expression . '@' TYPEID '.' OBJECTID '(' param_list ')'
   32           | IF expression . THEN expression ELSE expression FI
   39           | expression . '+' expression
   40           | expression . '-' expression
   41           | expression . '*' expression
   42           | expression . '/' expression
   43           | expression . '<' expression
   44           | expression . LE expression
   45           | expression . '=' expression

    THEN  shift, and go to state 75
    LE    shift, and go to state 65
    '<'   shift, and go to state 66
    '='   shift, and go to state 67
    '+'   shift, and go to state 68
    '-'   shift, and go to state 69
    '*'   shift, and go to state 70
    '/'   shift, and go to state 71
    '@'   shift, and go to state 72
    '.'   shift, and go to state 73


State 54

   29 expression: expression . '.' OBJECTID '(' param_list ')'
   30           | expression . '@' TYPEID '.' OBJECTID '(' param_list ')'
   33           | WHILE expression . LOOP expression POOL
   39           | expression . '+' expression
   40           | expression . '-' expression
   41           | expression . '*' expression
   42           | expression . '/' expression
   43           | expression . '<' expression
   44           | expression . LE expression
   45           | expression . '=' expression

    LOOP  shift, and go to state 76
    LE    shift, and go to state 65
    '<'   shift, and go to state 66
    '='   shift, and go to state 67
    '+'   shift, and go to state 68
    '-'   shift, and go to state 69
    '*'   shift, and go to state 70
    '/'   shift, and go to state 71
    '@'   shift, and go to state 72
    '.'   shift, and go to state 73


State 55

   29 expression: expression . '.' OBJECTID '(' param_list ')'
   30           | expression . '@' TYPEID '.' OBJECTID '(' param_list ')'
   34           | CASE expression . OF non_empty_case_list ESAC
   39           | expression . '+' expression
   40           | expression . '-' expression
   41           | expression . '*' expression
   42           | expression . '/' expression
   43           | expression . '<' expression
   44           | expression . LE expression
   45           | expression . '=' expression

    OF   shift, and go to state 77
    LE   shift, and go to state 65
    '<'  shift, and go to state 66
    '='  shift, and go to state 67
    '+'  shift, and go to state 68
    '-'  shift, and go to state 69
    '*'  shift, and go to state 70
    '/'  shift, and go to state 71
    '@'  shift, and go to state 72
    '.'  shift, and go to state 73


State 56

   36 expression: NEW TYPEID .

    $default  reduce using rule 36 (expression)


State 57

   29 expression: expression . '.' OBJECTID '(' param_list ')'
   30           | expression . '@' TYPEID '.' OBJECTID '(' param_list ')'
   37           | ISVOID expression .
   39           | expression . '+' expression
   40           | expression . '-' expression
   41           | expression . '*' expression
   42           | expression . '/' expression
   43           | expression . '<' expression
   44           | expression . LE expression
   45           | expression . '=' expression

    '@'  shift, and go to state 72
    '.'  shift, and go to state 73

    $default  reduce using rule 37 (expression)


State 58

   28 expression: OBJECTID ASSIGN . expression

    IF          shift, and go to state 38
    WHILE       shift, and go to state 39
    CASE        shift, and go to state 40
    NEW         shift, and go to state 41
    ISVOID      shift, and go to state 42
    STR_CONST   shift, and go to state 43
    INT_CONST   shift, and go to state 44
    BOOL_CONST  shift, and go to state 45
    OBJECTID    shift, and go to state 46
    NOT         shift, and go to state 47
    '~'         shift, and go to state 48
    '{'         shift, and go to state 49
    '('         shift, and go to state 50

    expression  go to state 78


State 59

   31 expression: OBJECTID '(' . param_list ')'

    IF          shift, and go to state 38
    WHILE       shift, and go to state 39
    CASE        shift, and go to state 40
    NEW         shift, and go to state 41
    ISVOID      shift, and go to state 42
    STR_CONST   shift, and go to state 43
    INT_CONST   shift, and go to state 44
    BOOL_CONST  shift, and go to state 45
    OBJECTID    shift, and go to state 46
    NOT         shift, and go to state 47
    '~'         shift, and go to state 48
    '{'         shift, and go to state 49
    '('         shift, and go to state 50

    $default  reduce using rule 18 (param_list)

    param_list            go to state 79
    non_empty_param_list  go to state 80
    expression            go to state 81


State 60

   29 expression: expression . '.' OBJECTID '(' param_list ')'
   30           | expression . '@' TYPEID '.' OBJECTID '(' param_list ')'
   38           | NOT expression .
   39           | expression . '+' expression
   40           | expression . '-' expression
   41           | expression . '*' expression
   42           | expression . '/' expression
   43           | expression . '<' expression
   44           | expression . LE expression
   45           | expression . '=' expression

    LE   shift, and go to state 65
    '<'  shift, and go to state 66
    '='  shift, and go to state 67
    '+'  shift, and go to state 68
    '-'  shift, and go to state 69
    '*'  shift, and go to state 70
    '/'  shift, and go to state 71
    '@'  shift, and go to state 72
    '.'  shift, and go to state 73

    $default  reduce using rule 38 (expression)


State 61

   29 expression: expression . '.' OBJECTID '(' param_list ')'
   30           | expression . '@' TYPEID '.' OBJECTID '(' param_list ')'
   39           | expression . '+' expression
   40           | expression . '-' expression
   41           | expression . '*' expression
   42           | expression . '/' expression
   43           | expression . '<' expression
   44           | expression . LE expression
   45           | expression . '=' expression
   46           | '~' expression .

    '@'  shift, and go to state 72
    '.'  shift, and go to state 73

    $default  reduce using rule 46 (expression)


State 62

   23 non_empty_stmt_list: non_empty_stmt_list . expression ';'
   35 expression: '{' non_empty_stmt_list . '}'

    IF          shift, and go to state 38
    WHILE       shift, and go to state 39
    CASE        shift, and go to state 40
    NEW         shift, and go to state 41
    ISVOID      shift, and go to state 42
    STR_CONST   shift, and go to state 43
    INT_CONST   shift, and go to state 44
    BOOL_CONST  shift, and go to state 45
    OBJECTID    shift, and go to state 46
    NOT         shift, and go to state 47
    '~'         shift, and go to state 48
    '{'         shift, and go to state 49
    '}'         shift, and go to state 82
    '('         shift, and go to state 50

    expression  go to state 83


State 63

   22 non_empty_stmt_list: expression . ';'
   29 expression: expression . '.' OBJECTID '(' param_list ')'
   30           | expression . '@' TYPEID '.' OBJECTID '(' param_list ')'
   39           | expression . '+' expression
   40           | expression . '-' expression
   41           | expression . '*' expression
   42           | expression . '/' expression
   43           | expression . '<' expression
   44           | expression . LE expression
   45           | expression . '=' expression

    LE   shift, and go to state 65
    '<'  shift, and go to state 66
    '='  shift, and go to state 67
    '+'  shift, and go to state 68
    '-'  shift, and go to state 69
    '*'  shift, and go to state 70
    '/'  shift, and go to state 71
    '@'  shift, and go to state 72
    '.'  shift, and go to state 73
    ';'  shift, and go to state 84


State 64

   29 expression: expression . '.' OBJECTID '(' param_list ')'
   30           | expression . '@' TYPEID '.' OBJECTID '(' param_list ')'
   39           | expression . '+' expression
   40           | expression . '-' expression
   41           | expression . '*' expression
   42           | expression . '/' expression
   43           | expression . '<' expression
   44           | expression . LE expression
   45           | expression . '=' expression
   47           | '(' expression . ')'

    LE   shift, and go to state 65
    '<'  shift, and go to state 66
    '='  shift, and go to state 67
    '+'  shift, and go to state 68
    '-'  shift, and go to state 69
    '*'  shift, and go to state 70
    '/'  shift, and go to state 71
    '@'  shift, and go to state 72
    '.'  shift, and go to state 73
    ')'  shift, and go to state 85


State 65

   44 expression: expression LE . expression

    IF          shift, and go to state 38
    WHILE       shift, and go to state 39
    CASE        shift, and go to state 40
    NEW         shift, and go to state 41
    ISVOID      shift, and go to state 42
    STR_CONST   shift, and go to state 43
    INT_CONST   shift, and go to state 44
    BOOL_CONST  shift, and go to state 45
    OBJECTID    shift, and go to state 46
    NOT         shift, and go to state 47
    '~'         shift, and go to state 48
    '{'         shift, and go to state 49
    '('         shift, and go to state 50

    expression  go to state 86


State 66

   43 expression: expression '<' . expression

    IF          shift, and go to state 38
    WHILE       shift, and go to state 39
    CASE        shift, and go to state 40
    NEW         shift, and go to state 41
    ISVOID      shift, and go to state 42
    STR_CONST   shift, and go to state 43
    INT_CONST   shift, and go to state 44
    BOOL_CONST  shift, and go to state 45
    OBJECTID    shift, and go to state 46
    NOT         shift, and go to state 47
    '~'         shift, and go to state 48
    '{'         shift, and go to state 49
    '('         shift, and go to state 50

    expression  go to state 87


State 67

   45 expression: expression '=' . expression

    IF          shift, and go to state 38
    WHILE       shift, and go to state 39
    CASE        shift, and go to state 40
    NEW         shift, and go to state 41
    ISVOID      shift, and go to state 42
    STR_CONST   shift, and go to state 43
    INT_CONST   shift, and go to state 44
    BOOL_CONST  shift, and go to state 45
    OBJECTID    shift, and go to state 46
    NOT         shift, and go to state 47
    '~'         shift, and go to state 48
    '{'         shift, and go to state 49
    '('         shift, and go to state 50

    expression  go to state 88


State 68

   39 expression: expression '+' . expression

    IF          shift, and go to state 38
    WHILE       shift, and go to state 39
    CASE        shift, and go to state 40
    NEW         shift, and go to state 41
    ISVOID      shift, and go to state 42
    STR_CONST   shift, and go to state 43
    INT_CONST   shift, and go to state 44
    BOOL_CONST  shift, and go to state 45
    OBJECTID    shift, and go to state 46
    NOT         shift, and go to state 47
    '~'         shift, and go to state 48
    '{'         shift, and go to state 49
    '('         shift, and go to state 50

    expression  go to state 89


State 69

   40 expression: expression '-' . expression

    IF          shift, and go to state 38
    WHILE       shift, and go to state 39
    CASE        shift, and go to state 40
    NEW         shift, and go to state 41
    ISVOID      shift, and go to state 42
    STR_CONST   shift, and go to state 43
    INT_CONST   shift, and go to state 44
    BOOL_CONST  shift, and go to state 45
    OBJECTID    shift, and go to state 46
    NOT         shift, and go to state 47
    '~'         shift, and go to state 48
    '{'         shift, and go to state 49
    '('         shift, and go to state 50

    expression  go to state 90


State 70

   41 expression: expression '*' . expression

    IF          shift, and go to state 38
    WHILE       shift, and go to state 39
    CASE        shift, and go to state 40
    NEW         shift, and go to state 41
    ISVOID      shift, and go to state 42
    STR_CONST   shift, and go to state 43
    INT_CONST   shift, and go to state 44
    BOOL_CONST  shift, and go to state 45
    OBJECTID    shift, and go to state 46
    NOT         shift, and go to state 47
    '~'         shift, and go to state 48
    '{'         shift, and go to state 49
    '('         shift, and go to state 50

    expression  go to state 91


State 71

   42 expression: expression '/' . expression

    IF          shift, and go to state 38
    WHILE       shift, and go to state 39
    CASE        shift, and go to state 40
    NEW         shift, and go to state 41
    ISVOID      shift, and go to state 42
    STR_CONST   shift, and go to state 43
    INT_CONST   shift, and go to state 44
    BOOL_CONST  shift, and go to state 45
    OBJECTID    shift, and go to state 46
    NOT         shift, and go to state 47
    '~'         shift, and go to state 48
    '{'         shift, and go to state 49
    '('         shift, and go to state 50

    expression  go to state 92


State 72

   30 expression: expression '@' . TYPEID '.' OBJECTID '(' param_list ')'

    TYPEID  shift, and go to state 93


State 73

   29 expression: expression '.' . OBJECTID '(' param_list ')'

    OBJECTID  shift, and go to state 94


State 74

   10 feature: OBJECTID '(' formal_list ')' ':' TYPEID '{' . expression '}'

    IF          shift, and go to state 38
    WHILE       shift, and go to state 39
    CASE        shift, and go to state 40
    NEW         shift, and go to state 41
    ISVOID      shift, and go to state 42
    STR_CONST   shift, and go to state 43
    INT_CONST   shift, and go to state 44
    BOOL_CONST  shift, and go to state 45
    OBJECTID    shift, and go to state 46
    NOT         shift, and go to state 47
    '~'         shift, and go to state 48
    '{'         shift, and go to state 49
    '('         shift, and go to state 50

    expression  go to state 95


State 75

   32 expression: IF expression THEN . expression ELSE expression FI

    IF          shift, and go to state 38
    WHILE       shift, and go to state 39
    CASE        shift, and go to state 40
    NEW         shift, and go to state 41
    ISVOID      shift, and go to state 42
    STR_CONST   shift, and go to state 43
    INT_CONST   shift, and go to state 44
    BOOL_CONST  shift, and go to state 45
    OBJECTID    shift, and go to state 46
    NOT         shift, and go to state 47
    '~'         shift, and go to state 48
    '{'         shift, and go to state 49
    '('         shift, and go to state 50

    expression  go to state 96


State 76

   33 expression: WHILE expression LOOP . expression POOL

    IF          shift, and go to state 38
    WHILE       shift, and go to state 39
    CASE        shift, and go to state 40
    NEW         shift, and go to state 41
    ISVOID      shift, and go to state 42
    STR_CONST   shift, and go to state 43
    INT_CONST   shift, and go to state 44
    BOOL_CONST  shift, and go to state 45
    OBJECTID    shift, and go to state 46
    NOT         shift, and go to state 47
    '~'         shift, and go to state 48
    '{'         shift, and go to state 49
    '('         shift, and go to state 50

    expression  go to state 97


State 77

   34 expression: CASE expression OF . non_empty_case_list ESAC

    OBJECTID  shift, and go to state 98

    case_branch          go to state 99
    non_empty_case_list  go to state 100


State 78

   28 expression: OBJECTID ASSIGN expression .
   29           | expression . '.' OBJECTID '(' param_list ')'
   30           | expression . '@' TYPEID '.' OBJECTID '(' param_list ')'
   39           | expression . '+' expression
   40           | expression . '-' expression
   41           | expression . '*' expression
   42           | expression . '/' expression
   43           | expression . '<' expression
   44           | expression . LE expression
   45           | expression . '=' expression

    LE   shift, and go to state 65
    '<'  shift, and go to state 66
    '='  shift, and go to state 67
    '+'  shift, and go to state 68
    '-'  shift, and go to state 69
    '*'  shift, and go to state 70
    '/'  shift, and go to state 71
    '@'  shift, and go to state 72
    '.'  shift, and go to state 73

    $default  reduce using rule 28 (expression)


State 79

   31 expression: OBJECTID '(' param_list . ')'

    ')'  shift, and go to state 101


State 80

   19 param_list: non_empty_param_list .
   21 non_empty_param_list: non_empty_param_list . ',' expression

    ','  shift, and go to state 102

    $default  reduce using rule 19 (param_list)


State 81

   20 non_empty_param_list: expression .
   29 expression: expression . '.' OBJECTID '(' param_list ')'
   30           | expression . '@' TYPEID '.' OBJECTID '(' param_list ')'
   39           | expression . '+' expression
   40           | expression . '-' expression
   41           | expression . '*' expression
   42           | expression . '/' expression
   43           | expression . '<' expression
   44           | expression . LE expression
   45           | expression . '=' expression

    LE   shift, and go to state 65
    '<'  shift, and go to state 66
    '='  shift, and go to state 67
    '+'  shift, and go to state 68
    '-'  shift, and go to state 69
    '*'  shift, and go to state 70
    '/'  shift, and go to state 71
    '@'  shift, and go to state 72
    '.'  shift, and go to state 73

    $default  reduce using rule 20 (non_empty_param_list)


State 82

   35 expression: '{' non_empty_stmt_list '}' .

    $default  reduce using rule 35 (expression)


State 83

   23 non_empty_stmt_list: non_empty_stmt_list expression . ';'
   29 expression: expression . '.' OBJECTID '(' param_list ')'
   30           | expression . '@' TYPEID '.' OBJECTID '(' param_list ')'
   39           | expression . '+' expression
   40           | expression . '-' expression
   41           | expression . '*' expression
   42           | expression . '/' expression
   43           | expression . '<' expression
   44           | expression . LE expression
   45           | expression . '=' expression

    LE   shift, and go to state 65
    '<'  shift, and go to state 66
    '='  shift, and go to state 67
    '+'  shift, and go to state 68
    '-'  shift, and go to state 69
    '*'  shift, and go to state 70
    '/'  shift, and go to state 71
    '@'  shift, and go to state 72
    '.'  shift, and go to state 73
    ';'  shift, and go to state 103


State 84

   22 non_empty_stmt_list: expression ';' .

    $default  reduce using rule 22 (non_empty_stmt_list)


State 85

   47 expression: '(' expression ')' .

    $default  reduce using rule 47 (expression)


State 86

   29 expression: expression . '.' OBJECTID '(' param_list ')'
   30           | expression . '@' TYPEID '.' OBJECTID '(' param_list ')'
   39           | expression . '+' expression
   40           | expression . '-' expression
   41           | expression . '*' expression
   42           | expression . '/' expression
   43           | expression . '<' expression
   44           | expression . LE expression
   44           | expression LE expression .
   45           | expression . '=' expression

    '+'  shift, and go to state 68
    '-'  shift, and go to state 69
    '*'  shift, and go to state 70
    '/'  shift, and go to state 71
    '@'  shift, and go to state 72
    '.'  shift, and go to state 73

    LE   error (nonassociative)
    '<'  error (nonassociative)
    '='  error (nonassociative)

    $default  reduce using rule 44 (expression)


State 87

   29 expression: expression . '.' OBJECTID '(' param_list ')'
   30           | expression . '@' TYPEID '.' OBJECTID '(' param_list ')'
   39           | expression . '+' expression
   40           | expression . '-' expression
   41           | expression . '*' expression
   42           | expression . '/' expression
   43           | expression . '<' expression
   43           | expression '<' expression .
   44           | expression . LE expression
   45           | expression . '=' expression

    '+'  shift, and go to state 68
    '-'  shift, and go to state 69
    '*'  shift, and go to state 70
    '/'  shift, and go to state 71
    '@'  shift, and go to state 72
    '.'  shift, and go to state 73

    LE   error (nonassociative)
    '<'  error (nonassociative)
    '='  error (nonassociative)

    $default  reduce using rule 43 (expression)


State 88

   29 expression: expression . '.' OBJECTID '(' param_list ')'
   30           | expression . '@' TYPEID '.' OBJECTID '(' param_list ')'
   39           | expression . '+' expression
   40           | expression . '-' expression
   41           | expression . '*' expression
   42           | expression . '/' expression
   43           | expression . '<' expression
   44           | expression . LE expression
   45           | expression . '=' expression
   45           | expression '=' expression .

    '+'  shift, and go to state 68
    '-'  shift, and go to state 69
    '*'  shift, and go to state 70
    '/'  shift, and go to state 71
    '@'  shift, and go to state 72
    '.'  shift, and go to state 73

    LE   error (nonassociative)
    '<'  error (nonassociative)
    '='  error (nonassociative)

    $default  reduce using rule 45 (expression)


State 89

   29 expression: expression . '.' OBJECTID '(' param_list ')'
   30           | expression . '@' TYPEID '.' OBJECTID '(' param_list ')'
   39           | expression . '+' expression
   39           | expression '+' expression .
   40           | expression . '-' expression
   41           | expression . '*' expression
   42           | expression . '/' expression
   43           | expression . '<' expression
   44           | expression . LE expression
   45           | expression . '=' expression

    '*'  shift, and go to state 70
    '/'  shift, and go to state 71
    '@'  shift, and go to state 72
    '.'  shift, and go to state 73

    $default  reduce using rule 39 (expression)


State 90

   29 expression: expression . '.' OBJECTID '(' param_list ')'
   30           | expression . '@' TYPEID '.' OBJECTID '(' param_list ')'
   39           | expression . '+' expression
   40           | expression . '-' expression
   40           | expression '-' expression .
   41           | expression . '*' expression
   42           | expression . '/' expression
   43           | expression . '<' expression
   44           | expression . LE expression
   45           | expression . '=' expression

    '*'  shift, and go to state 70
    '/'  shift, and go to state 71
    '@'  shift, and go to state 72
    '.'  shift, and go to state 73

    $default  reduce using rule 40 (expression)


State 91

   29 expression: expression . '.' OBJECTID '(' param_list ')'
   30           | expression . '@' TYPEID '.' OBJECTID '(' param_list ')'
   39           | expression . '+' expression
   40           | expression . '-' expression
   41           | expression . '*' expression
   41           | expression '*' expression .
   42           | expression . '/' expression
   43           | expression . '<' expression
   44           | expression . LE expression
   45           | expression . '=' expression

    '@'  shift, and go to state 72
    '.'  shift, and go to state 73

    $default  reduce using rule 41 (expression)


State 92

   29 expression: expression . '.' OBJECTID '(' param_list ')'
   30           | expression . '@' TYPEID '.' OBJECTID '(' param_list ')'
   39           | expression . '+' expression
   40           | expression . '-' expression
   41           | expression . '*' expression
   42           | expression . '/' expression
   42           | expression '/' expression .
   43           | expression . '<' expression
   44           | expression . LE expression
   45           | expression . '=' expression

    '@'  shift, and go to state 72
    '.'  shift, and go to state 73

    $default  reduce using rule 42 (expression)


State 93

   30 expression: expression '@' TYPEID . '.' OBJECTID '(' param_list ')'

    '.'  shift, and go to state 104


State 94

   29 expression: expression '.' OBJECTID . '(' param_list ')'

    '('  shift, and go to state 105


State 95

   10 feature: OBJECTID '(' formal_list ')' ':' TYPEID '{' expression . '}'
   29 expression: expression . '.' OBJECTID '(' param_list ')'
   30           | expression . '@' TYPEID '.' OBJECTID '(' param_list ')'
   39           | expression . '+' expression
   40           | expression . '-' expression
   41           | expression . '*' expression
   42           | expression . '/' expression
   43           | expression . '<' expression
   44           | expression . LE expression
   45           | expression . '=' expression

    LE   shift, and go to state 65
    '<'  shift, and go to state 66
    '='  shift, and go to state 67
    '+'  shift, and go to state 68
    '-'  shift, and go to state 69
    '*'  shift, and go to state 70
    '/'  shift, and go to state 71
    '@'  shift, and go to state 72
    '.'  shift, and go to state 73
    '}'  shift, and go to state 106


State 96

   29 expression: expression . '.' OBJECTID '(' param_list ')'
   30           | expression . '@' TYPEID '.' OBJECTID '(' param_list ')'
   32           | IF expression THEN expression . ELSE expression FI
   39           | expression . '+' expression
   40           | expression . '-' expression
   41           | expression . '*' expression
   42           | expression . '/' expression
   43           | expression . '<' expression
   44           | expression . LE expression
   45           | expression . '=' expression

    ELSE  shift, and go to state 107
    LE    shift, and go to state 65
    '<'   shift, and go to state 66
    '='   shift, and go to state 67
    '+'   shift, and go to state 68
    '-'   shift, and go to state 69
    '*'   shift, and go to state 70
    '/'   shift, and go to state 71
    '@'   shift, and go to state 72
    '.'   shift, and go to state 73


State 97

   29 expression: expression . '.' OBJECTID '(' param_list ')'
   30           | expression . '@' TYPEID '.' OBJECTID '(' param_list ')'
   33           | WHILE expression LOOP expression . POOL
   39           | expression . '+' expression
   40           | expression . '-' expression
   41           | expression . '*' expression
   42           | expression . '/' expression
   43           | expression . '<' expression
   44           | expression . LE expression
   45           | expression . '=' expression

    POOL  shift, and go to state 108
    LE    shift, and go to state 65
    '<'   shift, and go to state 66
    '='   shift, and go to state 67
    '+'   shift, and go to state 68
    '-'   shift, and go to state 69
    '*'   shift, and go to state 70
    '/'   shift, and go to state 71
    '@'   shift, and go to state 72
    '.'   shift, and go to state 73


State 98

   24 case_branch: OBJECTID . ':' TYPEID DARROW expression ';'
   25            | OBJECTID . ':' TYPEID ';'

    ':'  shift, and go to state 109


State 99

   26 non_empty_case_list: case_branch .

    $default  reduce using rule 26 (non_empty_case_list)


State 100

   27 non_empty_case_list: non_empty_case_list . case_branch
   34 expression: CASE expression OF non_empty_case_list . ESAC

    ESAC      shift, and go to state 110
    OBJECTID  shift, and go to state 98

    case_branch  go to state 111


State 101

   31 expression: OBJECTID '(' param_list ')' .

    $default  reduce using rule 31 (expression)


State 102

   21 non_empty_param_list: non_empty_param_list ',' . expression

    IF          shift, and go to state 38
    WHILE       shift, and go to state 39
    CASE        shift, and go to state 40
    NEW         shift, and go to state 41
    ISVOID      shift, and go to state 42
    STR_CONST   shift, and go to state 43
    INT_CONST   shift, and go to state 44
    BOOL_CONST  shift, and go to state 45
    OBJECTID    shift, and go to state 46
    NOT         shift, and go to state 47
    '~'         shift, and go to state 48
    '{'         shift, and go to state 49
    '('         shift, and go to state 50

    expression  go to state 112


State 103

   23 non_empty_stmt_list: non_empty_stmt_list expression ';' .

    $default  reduce using rule 23 (non_empty_stmt_list)


State 104

   30 expression: expression '@' TYPEID '.' . OBJECTID '(' param_list ')'

    OBJECTID  shift, and go to state 113


State 105

   29 expression: expression '.' OBJECTID '(' . param_list ')'

    IF          shift, and go to state 38
    WHILE       shift, and go to state 39
    CASE        shift, and go to state 40
    NEW         shift, and go to state 41
    ISVOID      shift, and go to state 42
    STR_CONST   shift, and go to state 43
    INT_CONST   shift, and go to state 44
    BOOL_CONST  shift, and go to state 45
    OBJECTID    shift, and go to state 46
    NOT         shift, and go to state 47
    '~'         shift, and go to state 48
    '{'         shift, and go to state 49
    '('         shift, and go to state 50

    $default  reduce using rule 18 (param_list)

    param_list            go to state 114
    non_empty_param_list  go to state 80
    expression            go to state 81


State 106

   10 feature: OBJECTID '(' formal_list ')' ':' TYPEID '{' expression '}' .

    $default  reduce using rule 10 (feature)


State 107

   32 expression: IF expression THEN expression ELSE . expression FI

    IF          shift, and go to state 38
    WHILE       shift, and go to state 39
    CASE        shift, and go to state 40
    NEW         shift, and go to state 41
    ISVOID      shift, and go to state 42
    STR_CONST   shift, and go to state 43
    INT_CONST   shift, and go to state 44
    BOOL_CONST  shift, and go to state 45
    OBJECTID    shift, and go to state 46
    NOT         shift, and go to state 47
    '~'         shift, and go to state 48
    '{'         shift, and go to state 49
    '('         shift, and go to state 50

    expression  go to state 115


State 108

   33 expression: WHILE expression LOOP expression POOL .

    $default  reduce using rule 33 (expression)


State 109

   24 case_branch: OBJECTID ':' . TYPEID DARROW expression ';'
   25            | OBJECTID ':' . TYPEID ';'

    TYPEID  shift, and go to state 116


State 110

   34 expression: CASE expression OF non_empty_case_list ESAC .

    $default  reduce using rule 34 (expression)


State 111

   27 non_empty_case_list: non_empty_case_list case_branch .

    $default  reduce using rule 27 (non_empty_case_list)


State 112

   21 non_empty_param_list: non_empty_param_list ',' expression .
   29 expression: expression . '.' OBJECTID '(' param_list ')'
   30           | expression . '@' TYPEID '.' OBJECTID '(' param_list ')'
   39           | expression . '+' expression
   40           | expression . '-' expression
   41           | expression . '*' expression
   42           | expression . '/' expression
   43           | expression . '<' expression
   44           | expression . LE expression
   45           | expression . '=' expression

    LE   shift, and go to state 65
    '<'  shift, and go to state 66
    '='  shift, and go to state 67
    '+'  shift, and go to state 68
    '-'  shift, and go to state 69
    '*'  shift, and go to state 70
    '/'  shift, and go to state 71
    '@'  shift, and go to state 72
    '.'  shift, and go to state 73

    $default  reduce using rule 21 (non_empty_param_list)


State 113

   30 expression: expression '@' TYPEID '.' OBJECTID . '(' param_list ')'

    '('  shift, and go to state 117


State 114

   29 expression: expression '.' OBJECTID '(' param_list . ')'

    ')'  shift, and go to state 118


State 115

   29 expression: expression . '.' OBJECTID '(' param_list ')'
   30           | expression . '@' TYPEID '.' OBJECTID '(' param_list ')'
   32           | IF expression THEN expression ELSE expression . FI
   39           | expression . '+' expression
   40           | expression . '-' expression
   41           | expression . '*' expression
   42           | expression . '/' expression
   43           | expression . '<' expression
   44           | expression . LE expression
   45           | expression . '=' expression

    FI   shift, and go to state 119
    LE   shift, and go to state 65
    '<'  shift, and go to state 66
    '='  shift, and go to state 67
    '+'  shift, and go to state 68
    '-'  shift, and go to state 69
    '*'  shift, and go to state 70
    '/'  shift, and go to state 71
    '@'  shift, and go to state 72
    '.'  shift, and go to state 73


State 116

   24 case_branch: OBJECTID ':' TYPEID . DARROW expression ';'
   25            | OBJECTID ':' TYPEID . ';'

    DARROW  shift, and go to state 120
    ';'     shift, and go to state 121


State 117

   30 expression: expression '@' TYPEID '.' OBJECTID '(' . param_list ')'

    IF          shift, and go to state 38
    WHILE       shift, and go to state 39
    CASE        shift, and go to state 40
    NEW         shift, and go to state 41
    ISVOID      shift, and go to state 42
    STR_CONST   shift, and go to state 43
    INT_CONST   shift, and go to state 44
    BOOL_CONST  shift, and go to state 45
    OBJECTID    shift, and go to state 46
    NOT         shift, and go to state 47
    '~'         shift, and go to state 48
    '{'         shift, and go to state 49
    '('         shift, and go to state 50

    $default  reduce using rule 18 (param_list)

    param_list            go to state 122
    non_empty_param_list  go to state 80
    expression            go to state 81


State 118

   29 expression: expression '.' OBJECTID '(' param_list ')' .

    $default  reduce using rule 29 (expression)


State 119

   32 expression: IF expression THEN expression ELSE expression FI .

    $default  reduce using rule 32 (expression)


State 120

   24 case_branch: OBJECTID ':' TYPEID DARROW . expression ';'

    IF          shift, and go to state 38
    WHILE       shift, and go to state 39
    CASE        shift, and go to state 40
    NEW         shift, and go to state 41
    ISVOID      shift, and go to state 42
    STR_CONST   shift, and go to state 43
    INT_CONST   shift, and go to state 44
    BOOL_CONST  shift, and go to state 45
    OBJECTID    shift, and go to state 46
    NOT         shift, and go to state 47
    '~'         shift, and go to state 48
    '{'         shift, and go to state 49
    '('         shift, and go to state 50

    expression  go to state 123


State 121

   25 case_branch: OBJECTID ':' TYPEID ';' .

    $default  reduce using rule 25 (case_branch)


State 122

   30 expression: expression '@' TYPEID '.' OBJECTID '(' param_list . ')'

    ')'  shift, and go to state 124


State 123

   24 case_branch: OBJECTID ':' TYPEID DARROW expression . ';'
   29 expression: expression . '.' OBJECTID '(' param_list ')'
   30           | expression . '@' TYPEID '.' OBJECTID '(' param_list ')'
   39           | expression . '+' expression
   40           | expression . '-' expression
   41           | expression . '*' expression
   42           | expression . '/' expression
   43           | expression . '<' expression
   44           | expression . LE expression
   45           | expression . '=' expression

    LE   shift, and go to state 65
    '<'  shift, and go to state 66
    '='  shift, and go to state 67
    '+'  shift, and go to state 68
    '-'  shift, and go to state 69
    '*'  shift, and go to state 70
    '/'  shift, and go to state 71
    '@'  shift, and go to state 72
    '.'  shift, and go to state 73
    ';'  shift, and go to state 125


State 124

   30 expression: expression '@' TYPEID '.' OBJECTID '(' param_list ')' .

    $default  reduce using rule 30 (expression)


State 125

   24 case_branch: OBJECTID ':' TYPEID DARROW expression ';' .

    $default  reduce using rule 24 (case_branch)
